<!DOCTYPE html PUBLIC "-//W3C//DTD XHTML 1.1//EN" "https://www.w3.org/TR/xhtml11/DTD/xhtml11.dtd">
<html xmlns="https://www.w3.org/1999/xhtml">
<head>
<meta http-equiv="content-type" content="text/html; charset=UTF-8"/>
<title>TestNG Report</title>
<style type="text/css">table {margin-bottom:10px;border-collapse:collapse;empty-cells:show}th,td {border:1px solid #009;padding:.25em .5em}th {vertical-align:bottom}td {vertical-align:top}table a {font-weight:bold}.stripe td {background-color: #E6EBF9}.num {text-align:right}.passedodd td {background-color: #3F3}.passedeven td {background-color: #0A0}.skippedodd td {background-color: #DDD}.skippedeven td {background-color: #CCC}.failedodd td,.attn {background-color: #F33}.failedeven td,.stripe .attn {background-color: #D00}.stacktrace {white-space:pre;font-family:monospace}.totop {font-size:85%;text-align:center;border-bottom:2px solid #000}.invisible {display:none}</style>
</head>
<body>
<table>
<tr><th>Test</th><th># Passed</th><th># Skipped</th><th># Retried</th><th># Failed</th><th>Time (ms)</th><th>Included Groups</th><th>Excluded Groups</th></tr>
<tr><th colspan="8">Suite1</th></tr>
<tr><td><a href="#t0">demotest1</a></td><td class="num">5</td><td class="num">0</td><td class="num">0</td><td class="num attn">3</td><td class="num">45</td><td></td><td></td></tr>
<tr class="stripe"><td><a href="#t1">demotest2</a></td><td class="num">1</td><td class="num">0</td><td class="num">0</td><td class="num">0</td><td class="num">1</td><td></td><td></td></tr>
<tr><th>Total</th><th class="num">6</th><th class="num">0</th><th class="num">0</th><th class="num attn">3</th><th class="num">46</th><th colspan="2"></th></tr>
</table>
<table id='summary'><thead><tr><th>Class</th><th>Method</th><th>Start</th><th>Time (ms)</th></tr></thead><tbody><tr><th colspan="4">Suite1</th></tr></tbody><tbody id="t0"><tr><th colspan="4">demotest1 &#8212; failed</th></tr><tr class="failedeven"><td rowspan="3">org.test.Group11TestNGTest</td><td><a href="#m0">checkStringNotEquals_FAIL</a></td><td rowspan="1">1714002221636</td><td rowspan="1">4</td></tr><tr class="failedeven"><td><a href="#m1">longRuntime_FAIL</a></td><td rowspan="1">1714002221644</td><td rowspan="1">2</td></tr><tr class="failedeven"><td><a href="#m2">reliableGetCount_FAIL</a></td><td rowspan="1">1714002221647</td><td rowspan="1">1</td></tr><tr><th colspan="4">demotest1 &#8212; passed</th></tr><tr class="passedeven"><td rowspan="5">org.test.Group11TestNGTest</td><td><a href="#m3">checkStringEquals_PASS</a></td><td rowspan="1">1714002221620</td><td rowspan="1">1</td></tr><tr class="passedeven"><td><a href="#m4">reliableGetCount_PASS</a></td><td rowspan="1">1714002221625</td><td rowspan="1">2</td></tr><tr class="passedeven"><td><a href="#m5">usingDataProvider_PASS</a></td><td rowspan="3">1714002221633</td><td rowspan="3">0</td></tr><tr class="passedeven"><td><a href="#m6">usingDataProvider_PASS</a></td></tr><tr class="passedeven"><td><a href="#m7">usingDataProvider_PASS</a></td></tr></tbody>
<tbody id="t1"><tr><th colspan="4">demotest2 &#8212; passed</th></tr><tr class="passedeven"><td rowspan="1">org.test.Group11TestNGTest2</td><td><a href="#m8">checkStringEquals_PASS</a></td><td rowspan="1">1714002221651</td><td rowspan="1">1</td></tr></tbody>
</table>
<h2>demotest1</h2><h3 id="m0">org.test.Group11TestNGTest#checkStringNotEquals_FAIL</h3><table class="result"><tr><th>Exception</th></tr><tr><td><div class="stacktrace">java.lang.AssertionError: expected [testString] but found [incorrectString]
	at org.test.Group11TestNGTest.checkStringNotEquals_FAIL(Group11TestNGTest.java:91)
	at java.base/java.util.ArrayList.forEach(ArrayList.java:1511)
	at com.intellij.rt.testng.IDEARemoteTestNG.run(IDEARemoteTestNG.java:65)
	at com.intellij.rt.testng.RemoteTestNGStarter.main(RemoteTestNGStarter.java:105)
... Removed 30 stack frames</div></td></tr></table><p class="totop"><a href="#summary">back to summary</a></p>
<h3 id="m1">org.test.Group11TestNGTest#longRuntime_FAIL</h3><table class="result"><tr><th>Exception</th></tr><tr><td><div class="stacktrace">java.lang.AssertionError: did not expect [2] but found [2]
	at org.test.Group11TestNGTest.longRuntime_FAIL(Group11TestNGTest.java:77)
	at java.base/java.util.concurrent.FutureTask.run(FutureTask.java:264)
	at java.base/java.util.concurrent.ThreadPoolExecutor.runWorker(ThreadPoolExecutor.java:1136)
	at java.base/java.util.concurrent.ThreadPoolExecutor$Worker.run(ThreadPoolExecutor.java:635)
	at java.base/java.lang.Thread.run(Thread.java:840)
... Removed 13 stack frames</div></td></tr></table><p class="totop"><a href="#summary">back to summary</a></p>
<h3 id="m2">org.test.Group11TestNGTest#reliableGetCount_FAIL</h3><table class="result"><tr><th>Exception</th></tr><tr><td><div class="stacktrace">java.lang.AssertionError: expected [50] but found [51]
	at org.test.Group11TestNGTest.reliableGetCount_FAIL(Group11TestNGTest.java:84)
	at java.base/java.util.ArrayList.forEach(ArrayList.java:1511)
	at com.intellij.rt.testng.IDEARemoteTestNG.run(IDEARemoteTestNG.java:65)
	at com.intellij.rt.testng.RemoteTestNGStarter.main(RemoteTestNGStarter.java:105)
... Removed 31 stack frames</div></td></tr></table><p class="totop"><a href="#summary">back to summary</a></p>
<h3 id="m3">org.test.Group11TestNGTest#checkStringEquals_PASS</h3><table class="result"><tr><th class="invisible"/></tr></table><p class="totop"><a href="#summary">back to summary</a></p>
<h3 id="m4">org.test.Group11TestNGTest#reliableGetCount_PASS</h3><table class="result"><tr><th class="invisible"/></tr></table><p class="totop"><a href="#summary">back to summary</a></p>
<h3 id="m5">org.test.Group11TestNGTest#usingDataProvider_PASS</h3><table class="result"><tr class="param"><th>Parameter #1</th></tr><tr class="param stripe"><td>ONE</td></tr></table><p class="totop"><a href="#summary">back to summary</a></p>
<h3 id="m6">org.test.Group11TestNGTest#usingDataProvider_PASS</h3><table class="result"><tr class="param"><th>Parameter #1</th></tr><tr class="param stripe"><td>TWO</td></tr></table><p class="totop"><a href="#summary">back to summary</a></p>
<h3 id="m7">org.test.Group11TestNGTest#usingDataProvider_PASS</h3><table class="result"><tr class="param"><th>Parameter #1</th></tr><tr class="param stripe"><td>THREE</td></tr></table><p class="totop"><a href="#summary">back to summary</a></p>
<h2>demotest2</h2><h3 id="m8">org.test.Group11TestNGTest2#checkStringEquals_PASS</h3><table class="result"><tr><th class="invisible"/></tr></table><p class="totop"><a href="#summary">back to summary</a></p>
</body>
</html>
